[2024-06-06 20:26:47,190][/home/richard/projects/fsadmet/utils/std_logger.py][INFO] - load pretrained model from ./data/pretrained/masking.pth ......
[2024-06-06 20:26:47,202][/home/richard/projects/fsadmet/utils/std_logger.py][INFO] - load pretrained model from ./data/pretrained/masking.pth ......
[2024-06-06 20:26:47,230][/home/richard/projects/fsadmet/utils/std_logger.py][INFO] - load pretrained model from ./data/pretrained/masking.pth ......
[2024-06-06 20:26:47,268][/home/richard/projects/fsadmet/utils/std_logger.py][INFO] - load model successful! ......

[2024-06-06 20:26:47,269][/home/richard/projects/fsadmet/utils/std_logger.py][INFO] - MetaGraphModel(
  (base_model): GNN_graphpred(
    (gnn): GNN(
      (x_embedding1): Embedding(120, 300)
      (x_embedding2): Embedding(3, 300)
      (gnns): ModuleList(
        (0): GINConv()
        (1): GINConv()
        (2): GINConv()
        (3): GINConv()
        (4): GINConv()
      )
      (batch_norms): ModuleList(
        (0): BatchNorm1d(300, eps=1e-05, momentum=0.1, affine=True, track_running_stats=True)
        (1): BatchNorm1d(300, eps=1e-05, momentum=0.1, affine=True, track_running_stats=True)
        (2): BatchNorm1d(300, eps=1e-05, momentum=0.1, affine=True, track_running_stats=True)
        (3): BatchNorm1d(300, eps=1e-05, momentum=0.1, affine=True, track_running_stats=True)
        (4): BatchNorm1d(300, eps=1e-05, momentum=0.1, affine=True, track_running_stats=True)
      )
    )
    (graph_pred_linear): Linear(in_features=300, out_features=1, bias=True)
  )
)
[2024-06-06 20:26:47,277][/home/richard/projects/fsadmet/utils/std_logger.py][INFO] - load model successful! ......

[2024-06-06 20:26:47,278][/home/richard/projects/fsadmet/utils/std_logger.py][INFO] - MetaGraphModel(
  (base_model): GNN_graphpred(
    (gnn): GNN(
      (x_embedding1): Embedding(120, 300)
      (x_embedding2): Embedding(3, 300)
      (gnns): ModuleList(
        (0): GINConv()
        (1): GINConv()
        (2): GINConv()
        (3): GINConv()
        (4): GINConv()
      )
      (batch_norms): ModuleList(
        (0): BatchNorm1d(300, eps=1e-05, momentum=0.1, affine=True, track_running_stats=True)
        (1): BatchNorm1d(300, eps=1e-05, momentum=0.1, affine=True, track_running_stats=True)
        (2): BatchNorm1d(300, eps=1e-05, momentum=0.1, affine=True, track_running_stats=True)
        (3): BatchNorm1d(300, eps=1e-05, momentum=0.1, affine=True, track_running_stats=True)
        (4): BatchNorm1d(300, eps=1e-05, momentum=0.1, affine=True, track_running_stats=True)
      )
    )
    (graph_pred_linear): Linear(in_features=300, out_features=1, bias=True)
  )
)
[2024-06-06 20:26:47,279][/home/richard/projects/fsadmet/utils/std_logger.py][INFO] - load model successful! ......

[2024-06-06 20:26:47,279][/home/richard/projects/fsadmet/utils/std_logger.py][INFO] - MetaGraphModel(
  (base_model): GNN_graphpred(
    (gnn): GNN(
      (x_embedding1): Embedding(120, 300)
      (x_embedding2): Embedding(3, 300)
      (gnns): ModuleList(
        (0): GINConv()
        (1): GINConv()
        (2): GINConv()
        (3): GINConv()
        (4): GINConv()
      )
      (batch_norms): ModuleList(
        (0): BatchNorm1d(300, eps=1e-05, momentum=0.1, affine=True, track_running_stats=True)
        (1): BatchNorm1d(300, eps=1e-05, momentum=0.1, affine=True, track_running_stats=True)
        (2): BatchNorm1d(300, eps=1e-05, momentum=0.1, affine=True, track_running_stats=True)
        (3): BatchNorm1d(300, eps=1e-05, momentum=0.1, affine=True, track_running_stats=True)
        (4): BatchNorm1d(300, eps=1e-05, momentum=0.1, affine=True, track_running_stats=True)
      )
    )
    (graph_pred_linear): Linear(in_features=300, out_features=1, bias=True)
  )
)
[2024-06-06 20:26:47,486][/home/richard/projects/fsadmet/utils/std_logger.py][INFO] - load pretrained model from ./data/pretrained/masking.pth ......
[2024-06-06 20:26:47,492][/home/richard/projects/fsadmet/utils/std_logger.py][INFO] - load pretrained model from ./data/pretrained/masking.pth ......
[2024-06-06 20:26:47,505][/home/richard/projects/fsadmet/utils/std_logger.py][INFO] - load model successful! ......

[2024-06-06 20:26:47,506][/home/richard/projects/fsadmet/utils/std_logger.py][INFO] - MetaGraphModel(
  (base_model): GNN_graphpred(
    (gnn): GNN(
      (x_embedding1): Embedding(120, 300)
      (x_embedding2): Embedding(3, 300)
      (gnns): ModuleList(
        (0): GINConv()
        (1): GINConv()
        (2): GINConv()
        (3): GINConv()
        (4): GINConv()
      )
      (batch_norms): ModuleList(
        (0): BatchNorm1d(300, eps=1e-05, momentum=0.1, affine=True, track_running_stats=True)
        (1): BatchNorm1d(300, eps=1e-05, momentum=0.1, affine=True, track_running_stats=True)
        (2): BatchNorm1d(300, eps=1e-05, momentum=0.1, affine=True, track_running_stats=True)
        (3): BatchNorm1d(300, eps=1e-05, momentum=0.1, affine=True, track_running_stats=True)
        (4): BatchNorm1d(300, eps=1e-05, momentum=0.1, affine=True, track_running_stats=True)
      )
    )
    (graph_pred_linear): Linear(in_features=300, out_features=1, bias=True)
  )
)
[2024-06-06 20:26:47,532][/home/richard/projects/fsadmet/utils/std_logger.py][INFO] - load model successful! ......

[2024-06-06 20:26:47,532][/home/richard/projects/fsadmet/utils/std_logger.py][INFO] - MetaGraphModel(
  (base_model): GNN_graphpred(
    (gnn): GNN(
      (x_embedding1): Embedding(120, 300)
      (x_embedding2): Embedding(3, 300)
      (gnns): ModuleList(
        (0): GINConv()
        (1): GINConv()
        (2): GINConv()
        (3): GINConv()
        (4): GINConv()
      )
      (batch_norms): ModuleList(
        (0): BatchNorm1d(300, eps=1e-05, momentum=0.1, affine=True, track_running_stats=True)
        (1): BatchNorm1d(300, eps=1e-05, momentum=0.1, affine=True, track_running_stats=True)
        (2): BatchNorm1d(300, eps=1e-05, momentum=0.1, affine=True, track_running_stats=True)
        (3): BatchNorm1d(300, eps=1e-05, momentum=0.1, affine=True, track_running_stats=True)
        (4): BatchNorm1d(300, eps=1e-05, momentum=0.1, affine=True, track_running_stats=True)
      )
    )
    (graph_pred_linear): Linear(in_features=300, out_features=1, bias=True)
  )
)
[2024-06-06 20:26:47,717][/home/richard/projects/fsadmet/utils/std_logger.py][INFO] - load pretrained model from ./data/pretrained/masking.pth ......
[2024-06-06 20:26:47,717][/home/richard/projects/fsadmet/utils/std_logger.py][INFO] - load pretrained model from ./data/pretrained/masking.pth ......
[2024-06-06 20:26:47,743][/home/richard/projects/fsadmet/utils/std_logger.py][INFO] - load model successful! ......

[2024-06-06 20:26:47,744][/home/richard/projects/fsadmet/utils/std_logger.py][INFO] - load model successful! ......

[2024-06-06 20:26:47,743][/home/richard/projects/fsadmet/utils/std_logger.py][INFO] - MetaGraphModel(
  (base_model): GNN_graphpred(
    (gnn): GNN(
      (x_embedding1): Embedding(120, 300)
      (x_embedding2): Embedding(3, 300)
      (gnns): ModuleList(
        (0): GINConv()
        (1): GINConv()
        (2): GINConv()
        (3): GINConv()
        (4): GINConv()
      )
      (batch_norms): ModuleList(
        (0): BatchNorm1d(300, eps=1e-05, momentum=0.1, affine=True, track_running_stats=True)
        (1): BatchNorm1d(300, eps=1e-05, momentum=0.1, affine=True, track_running_stats=True)
        (2): BatchNorm1d(300, eps=1e-05, momentum=0.1, affine=True, track_running_stats=True)
        (3): BatchNorm1d(300, eps=1e-05, momentum=0.1, affine=True, track_running_stats=True)
        (4): BatchNorm1d(300, eps=1e-05, momentum=0.1, affine=True, track_running_stats=True)
      )
    )
    (graph_pred_linear): Linear(in_features=300, out_features=1, bias=True)
  )
)
[2024-06-06 20:26:47,744][/home/richard/projects/fsadmet/utils/std_logger.py][INFO] - MetaGraphModel(
  (base_model): GNN_graphpred(
    (gnn): GNN(
      (x_embedding1): Embedding(120, 300)
      (x_embedding2): Embedding(3, 300)
      (gnns): ModuleList(
        (0): GINConv()
        (1): GINConv()
        (2): GINConv()
        (3): GINConv()
        (4): GINConv()
      )
      (batch_norms): ModuleList(
        (0): BatchNorm1d(300, eps=1e-05, momentum=0.1, affine=True, track_running_stats=True)
        (1): BatchNorm1d(300, eps=1e-05, momentum=0.1, affine=True, track_running_stats=True)
        (2): BatchNorm1d(300, eps=1e-05, momentum=0.1, affine=True, track_running_stats=True)
        (3): BatchNorm1d(300, eps=1e-05, momentum=0.1, affine=True, track_running_stats=True)
        (4): BatchNorm1d(300, eps=1e-05, momentum=0.1, affine=True, track_running_stats=True)
      )
    )
    (graph_pred_linear): Linear(in_features=300, out_features=1, bias=True)
  )
)
[2024-06-06 20:26:47,958][/home/richard/projects/fsadmet/utils/std_logger.py][INFO] - load pretrained model from ./data/pretrained/masking.pth ......
[2024-06-06 20:26:47,974][/home/richard/projects/fsadmet/utils/std_logger.py][INFO] - load model successful! ......

[2024-06-06 20:26:47,974][/home/richard/projects/fsadmet/utils/std_logger.py][INFO] - MetaGraphModel(
  (base_model): GNN_graphpred(
    (gnn): GNN(
      (x_embedding1): Embedding(120, 300)
      (x_embedding2): Embedding(3, 300)
      (gnns): ModuleList(
        (0): GINConv()
        (1): GINConv()
        (2): GINConv()
        (3): GINConv()
        (4): GINConv()
      )
      (batch_norms): ModuleList(
        (0): BatchNorm1d(300, eps=1e-05, momentum=0.1, affine=True, track_running_stats=True)
        (1): BatchNorm1d(300, eps=1e-05, momentum=0.1, affine=True, track_running_stats=True)
        (2): BatchNorm1d(300, eps=1e-05, momentum=0.1, affine=True, track_running_stats=True)
        (3): BatchNorm1d(300, eps=1e-05, momentum=0.1, affine=True, track_running_stats=True)
        (4): BatchNorm1d(300, eps=1e-05, momentum=0.1, affine=True, track_running_stats=True)
      )
    )
    (graph_pred_linear): Linear(in_features=300, out_features=1, bias=True)
  )
)
[2024-06-06 20:26:47,977][/home/richard/projects/fsadmet/utils/std_logger.py][INFO] - load pretrained model from ./data/pretrained/masking.pth ......
[2024-06-06 20:26:48,021][/home/richard/projects/fsadmet/utils/std_logger.py][INFO] - load model successful! ......

[2024-06-06 20:26:48,021][/home/richard/projects/fsadmet/utils/std_logger.py][INFO] - MetaGraphModel(
  (base_model): GNN_graphpred(
    (gnn): GNN(
      (x_embedding1): Embedding(120, 300)
      (x_embedding2): Embedding(3, 300)
      (gnns): ModuleList(
        (0): GINConv()
        (1): GINConv()
        (2): GINConv()
        (3): GINConv()
        (4): GINConv()
      )
      (batch_norms): ModuleList(
        (0): BatchNorm1d(300, eps=1e-05, momentum=0.1, affine=True, track_running_stats=True)
        (1): BatchNorm1d(300, eps=1e-05, momentum=0.1, affine=True, track_running_stats=True)
        (2): BatchNorm1d(300, eps=1e-05, momentum=0.1, affine=True, track_running_stats=True)
        (3): BatchNorm1d(300, eps=1e-05, momentum=0.1, affine=True, track_running_stats=True)
        (4): BatchNorm1d(300, eps=1e-05, momentum=0.1, affine=True, track_running_stats=True)
      )
    )
    (graph_pred_linear): Linear(in_features=300, out_features=1, bias=True)
  )
)
[2024-06-06 20:26:48,054][/home/richard/projects/fsadmet/utils/std_logger.py][INFO] - load pretrained model from ./data/pretrained/masking.pth ......
[2024-06-06 20:26:48,147][/home/richard/projects/fsadmet/utils/std_logger.py][INFO] - load model successful! ......

[2024-06-06 20:26:48,147][/home/richard/projects/fsadmet/utils/std_logger.py][INFO] - MetaGraphModel(
  (base_model): GNN_graphpred(
    (gnn): GNN(
      (x_embedding1): Embedding(120, 300)
      (x_embedding2): Embedding(3, 300)
      (gnns): ModuleList(
        (0): GINConv()
        (1): GINConv()
        (2): GINConv()
        (3): GINConv()
        (4): GINConv()
      )
      (batch_norms): ModuleList(
        (0): BatchNorm1d(300, eps=1e-05, momentum=0.1, affine=True, track_running_stats=True)
        (1): BatchNorm1d(300, eps=1e-05, momentum=0.1, affine=True, track_running_stats=True)
        (2): BatchNorm1d(300, eps=1e-05, momentum=0.1, affine=True, track_running_stats=True)
        (3): BatchNorm1d(300, eps=1e-05, momentum=0.1, affine=True, track_running_stats=True)
        (4): BatchNorm1d(300, eps=1e-05, momentum=0.1, affine=True, track_running_stats=True)
      )
    )
    (graph_pred_linear): Linear(in_features=300, out_features=1, bias=True)
  )
)
[2024-06-06 21:14:57,348][/home/richard/projects/fsadmet/utils/std_logger.py][INFO] - downstream task aucs: [0.55, 0.669, 0.494, 0.546, 0.45, 0.525]
[2024-06-06 21:14:57,348][/home/richard/projects/fsadmet/utils/std_logger.py][INFO] - mean downstream task mean auc: 0.539
[2024-06-06 21:15:10,010][/home/richard/projects/fsadmet/utils/std_logger.py][INFO] - downstream task aucs: [0.524, 0.62, 0.478, 0.525, 0.447, 0.517]
[2024-06-06 21:15:10,011][/home/richard/projects/fsadmet/utils/std_logger.py][INFO] - mean downstream task mean auc: 0.519
[2024-06-06 21:15:19,023][/home/richard/projects/fsadmet/utils/std_logger.py][INFO] - downstream task aucs: [0.523, 0.653, 0.563, 0.504, 0.55, 0.539]
[2024-06-06 21:15:19,023][/home/richard/projects/fsadmet/utils/std_logger.py][INFO] - mean downstream task mean auc: 0.555
[2024-06-06 21:15:25,602][/home/richard/projects/fsadmet/utils/std_logger.py][INFO] - downstream task aucs: [0.572, 0.706, 0.602, 0.572, 0.598, 0.607]
[2024-06-06 21:15:25,602][/home/richard/projects/fsadmet/utils/std_logger.py][INFO] - mean downstream task mean auc: 0.609
[2024-06-06 21:15:53,241][/home/richard/projects/fsadmet/utils/std_logger.py][INFO] - downstream task aucs: [0.671, 0.82, 0.708, 0.673, 0.704, 0.706]
[2024-06-06 21:15:53,242][/home/richard/projects/fsadmet/utils/std_logger.py][INFO] - mean downstream task mean auc: 0.714
[2024-06-06 21:16:50,120][/home/richard/projects/fsadmet/utils/std_logger.py][INFO] - downstream task aucs: [0.543, 0.654, 0.503, 0.551, 0.467, 0.523]
[2024-06-06 21:16:50,120][/home/richard/projects/fsadmet/utils/std_logger.py][INFO] - mean downstream task mean auc: 0.54
[2024-06-06 21:17:05,103][/home/richard/projects/fsadmet/utils/std_logger.py][INFO] - downstream task aucs: [0.524, 0.62, 0.478, 0.525, 0.447, 0.517]
[2024-06-06 21:17:05,104][/home/richard/projects/fsadmet/utils/std_logger.py][INFO] - mean downstream task mean auc: 0.519
[2024-06-06 21:17:11,156][/home/richard/projects/fsadmet/utils/std_logger.py][INFO] - downstream task aucs: [0.512, 0.604, 0.532, 0.512, 0.538, 0.545]
[2024-06-06 21:17:11,157][/home/richard/projects/fsadmet/utils/std_logger.py][INFO] - mean downstream task mean auc: 0.541
[2024-06-06 21:17:13,255][/home/richard/projects/fsadmet/utils/std_logger.py][INFO] - downstream task aucs: [0.671, 0.82, 0.708, 0.673, 0.704, 0.706]
[2024-06-06 21:17:13,255][/home/richard/projects/fsadmet/utils/std_logger.py][INFO] - mean downstream task mean auc: 0.714
[2024-06-06 21:18:43,481][/home/richard/projects/fsadmet/utils/std_logger.py][INFO] - downstream task aucs: [0.671, 0.821, 0.709, 0.674, 0.704, 0.707]
[2024-06-06 21:18:43,482][/home/richard/projects/fsadmet/utils/std_logger.py][INFO] - mean downstream task mean auc: 0.714
[2024-06-06 22:02:43,263][/home/richard/projects/fsadmet/utils/std_logger.py][INFO] - downstream task aucs: [0.544, 0.667, 0.453, 0.483, 0.504, 0.518]
[2024-06-06 22:02:43,263][/home/richard/projects/fsadmet/utils/std_logger.py][INFO] - mean downstream task mean auc: 0.528
[2024-06-06 22:03:27,016][/home/richard/projects/fsadmet/utils/std_logger.py][INFO] - downstream task aucs: [0.521, 0.63, 0.478, 0.468, 0.474, 0.524]
[2024-06-06 22:03:27,016][/home/richard/projects/fsadmet/utils/std_logger.py][INFO] - mean downstream task mean auc: 0.516
[2024-06-06 22:03:38,516][/home/richard/projects/fsadmet/utils/std_logger.py][INFO] - downstream task aucs: [0.55, 0.699, 0.587, 0.529, 0.588, 0.57]
[2024-06-06 22:03:38,516][/home/richard/projects/fsadmet/utils/std_logger.py][INFO] - mean downstream task mean auc: 0.587
[2024-06-06 22:05:31,637][/home/richard/projects/fsadmet/utils/std_logger.py][INFO] - downstream task aucs: [0.741, 0.861, 0.77, 0.748, 0.766, 0.754]
[2024-06-06 22:05:31,638][/home/richard/projects/fsadmet/utils/std_logger.py][INFO] - mean downstream task mean auc: 0.773
[2024-06-06 22:05:36,673][/home/richard/projects/fsadmet/utils/std_logger.py][INFO] - downstream task aucs: [0.532, 0.637, 0.548, 0.519, 0.549, 0.56]
[2024-06-06 22:05:36,674][/home/richard/projects/fsadmet/utils/std_logger.py][INFO] - mean downstream task mean auc: 0.557
[2024-06-06 22:06:09,276][/home/richard/projects/fsadmet/utils/std_logger.py][INFO] - downstream task aucs: [0.635, 0.781, 0.666, 0.635, 0.669, 0.673]
[2024-06-06 22:06:09,277][/home/richard/projects/fsadmet/utils/std_logger.py][INFO] - mean downstream task mean auc: 0.677
[2024-06-06 22:07:03,057][/home/richard/projects/fsadmet/utils/std_logger.py][INFO] - downstream task aucs: [0.742, 0.861, 0.77, 0.747, 0.765, 0.754]
[2024-06-06 22:07:03,058][/home/richard/projects/fsadmet/utils/std_logger.py][INFO] - mean downstream task mean auc: 0.773
[2024-06-06 22:07:20,365][/home/richard/projects/fsadmet/utils/std_logger.py][INFO] - downstream task aucs: [0.542, 0.649, 0.45, 0.481, 0.492, 0.536]
[2024-06-06 22:07:20,365][/home/richard/projects/fsadmet/utils/std_logger.py][INFO] - mean downstream task mean auc: 0.525
[2024-06-06 22:08:15,222][/home/richard/projects/fsadmet/utils/std_logger.py][INFO] - downstream task aucs: [0.741, 0.861, 0.77, 0.748, 0.766, 0.754]
[2024-06-06 22:08:15,223][/home/richard/projects/fsadmet/utils/std_logger.py][INFO] - mean downstream task mean auc: 0.773
[2024-06-06 22:09:42,239][/home/richard/projects/fsadmet/utils/std_logger.py][INFO] - downstream task aucs: [0.521, 0.63, 0.478, 0.468, 0.474, 0.524]
[2024-06-06 22:09:42,240][/home/richard/projects/fsadmet/utils/std_logger.py][INFO] - mean downstream task mean auc: 0.516
[2024-06-06 22:51:23,240][/home/richard/projects/fsadmet/utils/std_logger.py][INFO] - downstream task aucs: [0.474, 0.586, 0.535, 0.508, 0.572, 0.476]
[2024-06-06 22:51:23,240][/home/richard/projects/fsadmet/utils/std_logger.py][INFO] - mean downstream task mean auc: 0.525
[2024-06-06 22:52:53,821][/home/richard/projects/fsadmet/utils/std_logger.py][INFO] - downstream task aucs: [0.563, 0.719, 0.603, 0.558, 0.592, 0.579]
[2024-06-06 22:52:53,822][/home/richard/projects/fsadmet/utils/std_logger.py][INFO] - mean downstream task mean auc: 0.602
[2024-06-06 22:55:15,571][/home/richard/projects/fsadmet/utils/std_logger.py][INFO] - downstream task aucs: [0.537, 0.643, 0.552, 0.528, 0.556, 0.562]
[2024-06-06 22:55:15,571][/home/richard/projects/fsadmet/utils/std_logger.py][INFO] - mean downstream task mean auc: 0.563
[2024-06-06 22:57:22,551][/home/richard/projects/fsadmet/utils/std_logger.py][INFO] - downstream task aucs: [0.462, 0.559, 0.517, 0.493, 0.559, 0.472]
[2024-06-06 22:57:22,552][/home/richard/projects/fsadmet/utils/std_logger.py][INFO] - mean downstream task mean auc: 0.51
[2024-06-06 22:57:55,310][/home/richard/projects/fsadmet/utils/std_logger.py][INFO] - downstream task aucs: [0.758, 0.867, 0.784, 0.772, 0.794, 0.789]
[2024-06-06 22:57:55,311][/home/richard/projects/fsadmet/utils/std_logger.py][INFO] - mean downstream task mean auc: 0.794
[2024-06-06 22:58:41,255][/home/richard/projects/fsadmet/utils/std_logger.py][INFO] - downstream task aucs: [0.76, 0.867, 0.785, 0.773, 0.793, 0.789]
[2024-06-06 22:58:41,255][/home/richard/projects/fsadmet/utils/std_logger.py][INFO] - mean downstream task mean auc: 0.794
[2024-06-06 22:59:27,970][/home/richard/projects/fsadmet/utils/std_logger.py][INFO] - downstream task aucs: [0.462, 0.584, 0.533, 0.501, 0.576, 0.475]
[2024-06-06 22:59:27,971][/home/richard/projects/fsadmet/utils/std_logger.py][INFO] - mean downstream task mean auc: 0.522
[2024-06-06 23:01:18,965][/home/richard/projects/fsadmet/utils/std_logger.py][INFO] - downstream task aucs: [0.758, 0.867, 0.784, 0.773, 0.794, 0.789]
[2024-06-06 23:01:18,966][/home/richard/projects/fsadmet/utils/std_logger.py][INFO] - mean downstream task mean auc: 0.794
[2024-06-06 23:02:24,705][/home/richard/projects/fsadmet/utils/std_logger.py][INFO] - downstream task aucs: [0.462, 0.559, 0.517, 0.493, 0.559, 0.472]
[2024-06-06 23:02:24,705][/home/richard/projects/fsadmet/utils/std_logger.py][INFO] - mean downstream task mean auc: 0.51
[2024-06-06 23:03:24,360][/home/richard/projects/fsadmet/utils/std_logger.py][INFO] - downstream task aucs: [0.666, 0.813, 0.698, 0.68, 0.705, 0.712]
[2024-06-06 23:03:24,361][/home/richard/projects/fsadmet/utils/std_logger.py][INFO] - mean downstream task mean auc: 0.712
[2024-06-06 23:40:49,206][/home/richard/projects/fsadmet/utils/std_logger.py][INFO] - downstream task aucs: [0.569, 0.678, 0.49, 0.552, 0.498, 0.536]
[2024-06-06 23:40:49,206][/home/richard/projects/fsadmet/utils/std_logger.py][INFO] - mean downstream task mean auc: 0.554
[2024-06-06 23:42:42,483][/home/richard/projects/fsadmet/utils/std_logger.py][INFO] - downstream task aucs: [0.576, 0.717, 0.604, 0.565, 0.61, 0.597]
[2024-06-06 23:42:42,484][/home/richard/projects/fsadmet/utils/std_logger.py][INFO] - mean downstream task mean auc: 0.612
[2024-06-06 23:45:03,791][/home/richard/projects/fsadmet/utils/std_logger.py][INFO] - downstream task aucs: [0.551, 0.658, 0.576, 0.538, 0.564, 0.575]
[2024-06-06 23:45:03,792][/home/richard/projects/fsadmet/utils/std_logger.py][INFO] - mean downstream task mean auc: 0.577
[2024-06-06 23:47:06,940][/home/richard/projects/fsadmet/utils/std_logger.py][INFO] - downstream task aucs: [0.54, 0.666, 0.473, 0.563, 0.487, 0.525]
[2024-06-06 23:47:06,940][/home/richard/projects/fsadmet/utils/std_logger.py][INFO] - mean downstream task mean auc: 0.542
[2024-06-06 23:50:04,774][/home/richard/projects/fsadmet/utils/std_logger.py][INFO] - downstream task aucs: [0.779, 0.876, 0.802, 0.787, 0.794, 0.793]
[2024-06-06 23:50:04,775][/home/richard/projects/fsadmet/utils/std_logger.py][INFO] - mean downstream task mean auc: 0.805
[2024-06-06 23:50:06,846][/home/richard/projects/fsadmet/utils/std_logger.py][INFO] - downstream task aucs: [0.777, 0.875, 0.801, 0.786, 0.795, 0.793]
[2024-06-06 23:50:06,847][/home/richard/projects/fsadmet/utils/std_logger.py][INFO] - mean downstream task mean auc: 0.805
[2024-06-06 23:51:54,008][/home/richard/projects/fsadmet/utils/std_logger.py][INFO] - downstream task aucs: [0.563, 0.676, 0.481, 0.547, 0.491, 0.544]
[2024-06-06 23:51:54,009][/home/richard/projects/fsadmet/utils/std_logger.py][INFO] - mean downstream task mean auc: 0.55
[2024-06-06 23:53:18,421][/home/richard/projects/fsadmet/utils/std_logger.py][INFO] - downstream task aucs: [0.54, 0.666, 0.473, 0.563, 0.487, 0.525]
[2024-06-06 23:53:18,422][/home/richard/projects/fsadmet/utils/std_logger.py][INFO] - mean downstream task mean auc: 0.542
[2024-06-06 23:54:34,539][/home/richard/projects/fsadmet/utils/std_logger.py][INFO] - downstream task aucs: [0.778, 0.876, 0.801, 0.787, 0.795, 0.793]
[2024-06-06 23:54:34,540][/home/richard/projects/fsadmet/utils/std_logger.py][INFO] - mean downstream task mean auc: 0.805
[2024-06-06 23:57:47,582][/home/richard/projects/fsadmet/utils/std_logger.py][INFO] - downstream task aucs: [0.7, 0.839, 0.732, 0.711, 0.732, 0.729]
[2024-06-06 23:57:47,582][/home/richard/projects/fsadmet/utils/std_logger.py][INFO] - mean downstream task mean auc: 0.74
[2024-06-07 00:30:40,840][/home/richard/projects/fsadmet/utils/std_logger.py][INFO] - downstream task aucs: [0.57, 0.705, 0.595, 0.502, 0.569, 0.496]
[2024-06-07 00:30:40,841][/home/richard/projects/fsadmet/utils/std_logger.py][INFO] - mean downstream task mean auc: 0.573
[2024-06-07 00:32:49,934][/home/richard/projects/fsadmet/utils/std_logger.py][INFO] - downstream task aucs: [0.585, 0.72, 0.603, 0.596, 0.638, 0.605]
[2024-06-07 00:32:49,934][/home/richard/projects/fsadmet/utils/std_logger.py][INFO] - mean downstream task mean auc: 0.624
[2024-06-07 00:35:40,965][/home/richard/projects/fsadmet/utils/std_logger.py][INFO] - downstream task aucs: [0.563, 0.68, 0.585, 0.553, 0.603, 0.594]
[2024-06-07 00:35:40,966][/home/richard/projects/fsadmet/utils/std_logger.py][INFO] - mean downstream task mean auc: 0.596
[2024-06-07 00:37:26,129][/home/richard/projects/fsadmet/utils/std_logger.py][INFO] - downstream task aucs: [0.542, 0.698, 0.585, 0.492, 0.559, 0.484]
[2024-06-07 00:37:26,129][/home/richard/projects/fsadmet/utils/std_logger.py][INFO] - mean downstream task mean auc: 0.56
[2024-06-07 00:42:04,174][/home/richard/projects/fsadmet/utils/std_logger.py][INFO] - downstream task aucs: [0.796, 0.886, 0.805, 0.795, 0.802, 0.803]
[2024-06-07 00:42:04,175][/home/richard/projects/fsadmet/utils/std_logger.py][INFO] - mean downstream task mean auc: 0.814
[2024-06-07 00:42:49,896][/home/richard/projects/fsadmet/utils/std_logger.py][INFO] - downstream task aucs: [0.795, 0.885, 0.803, 0.795, 0.804, 0.802]
[2024-06-07 00:42:49,897][/home/richard/projects/fsadmet/utils/std_logger.py][INFO] - mean downstream task mean auc: 0.814
[2024-06-07 00:44:18,666][/home/richard/projects/fsadmet/utils/std_logger.py][INFO] - downstream task aucs: [0.542, 0.698, 0.585, 0.492, 0.559, 0.484]
[2024-06-07 00:44:18,666][/home/richard/projects/fsadmet/utils/std_logger.py][INFO] - mean downstream task mean auc: 0.56
[2024-06-07 00:44:42,210][/home/richard/projects/fsadmet/utils/std_logger.py][INFO] - downstream task aucs: [0.57, 0.689, 0.574, 0.495, 0.572, 0.488]
[2024-06-07 00:44:42,210][/home/richard/projects/fsadmet/utils/std_logger.py][INFO] - mean downstream task mean auc: 0.565
[2024-06-07 00:48:01,108][/home/richard/projects/fsadmet/utils/std_logger.py][INFO] - downstream task aucs: [0.726, 0.856, 0.738, 0.726, 0.75, 0.749]
[2024-06-07 00:48:01,109][/home/richard/projects/fsadmet/utils/std_logger.py][INFO] - mean downstream task mean auc: 0.757
[2024-06-07 00:48:29,254][/home/richard/projects/fsadmet/utils/std_logger.py][INFO] - downstream task aucs: [0.796, 0.887, 0.805, 0.795, 0.804, 0.802]
[2024-06-07 00:48:29,255][/home/richard/projects/fsadmet/utils/std_logger.py][INFO] - mean downstream task mean auc: 0.815
